nohup: ignoring input
T's size 460
True True
s_obs [ 21.55555556  18.         204.52173913 101.21797791  16.86956522
  36.           0.4342124   16.61390668]
scale [2.2e+01 2.0e+01 2.2e+02 1.2e+04 1.8e+01 6.0e+01 8.0e-01 2.0e+01]
dist 0.7128574229594118 number:  0
dist 2.1041663185547077 number:  50
dist 0.14724192452872237 number:  100
dist 0.560059919376756 number:  150
dist 2.151774398717147 number:  200
dist 0.7850097814894532 number:  250
dist 0.618053803058913 number:  300
dist 0.6006476765789409 number:  350
dist 0.5976140246097508 number:  400
dist 0.9297298273697274 number:  450
dist 0.5062120223866635 number:  500
dist 0.750986864618047 number:  550
dist 0.3028189454364459 number:  600
dist 0.6992286141582351 number:  650
dist 1.8249055269606185 number:  700
dist 0.6012295818804071 number:  750
dist 0.7314061287599078 number:  800
dist 1.541941716729541 number:  850
dist 0.6587856571381214 number:  900
dist 0.43396586145233723 number:  950
eps:  0.4095183940748841
dists:  1000
dist 0.34612253337957055 accepted:  30 trials:  155
dist 0.40752060906388665 accepted:  60 trials:  295
dist 0.3305107030692477 accepted:  90 trials:  437
dist 0.3118236952847474 accepted:  120 trials:  578
dist 0.3182241983634168 accepted:  150 trials:  719
dist 0.3529975961123055 accepted:  180 trials:  850
dist 0.38537290491040543 accepted:  210 trials:  1043
dist 0.250976002294883 accepted:  240 trials:  1166
dist 0.3412806823174355 accepted:  270 trials:  1304
dist 0.3235020880459438 accepted:  300 trials:  1448
dist 0.24594824197403362 accepted:  330 trials:  1630
dist 0.3364714781420664 accepted:  360 trials:  1825
dist 0.21337055482125486 accepted:  390 trials:  1959
dist 0.3767316683924052 accepted:  420 trials:  2116
dist 0.31198034731492935 accepted:  450 trials:  2291
dist 0.2916050250753676 accepted:  480 trials:  2449
dist 0.1911151299053992 accepted:  510 trials:  2593
dist 0.1016966784712077 accepted:  540 trials:  2714
dist 0.32177126951711627 accepted:  570 trials:  2846
dist 0.35705313132479194 accepted:  600 trials:  2981
dist 0.20961646308682536 accepted:  630 trials:  3137
dist 0.31002686244369065 accepted:  660 trials:  3285
dist 0.3177845028178335 accepted:  690 trials:  3492
dist 0.3307730716482114 accepted:  720 trials:  3668
dist 0.20143380372472874 accepted:  750 trials:  3823
dist 0.35314846489088986 accepted:  780 trials:  3960
dist 0.3583566323531425 accepted:  810 trials:  4119
dist 0.3095303099893518 accepted:  840 trials:  4259
dist 0.2764905053968666 accepted:  870 trials:  4398
dist 0.31887616504264343 accepted:  900 trials:  4540
dist 0.38560120349551646 accepted:  930 trials:  4718
dist 0.4021392357958143 accepted:  960 trials:  4891
dist 0.35698374451178944 accepted:  990 trials:  5022
dist 0.3847693231575807 accepted:  1020 trials:  5152
dist 0.24829782097577535 accepted:  1050 trials:  5328
dist 0.35798635805503687 accepted:  1080 trials:  5503
dist 0.2634981556179873 accepted:  1110 trials:  5636
dist 0.23495947746891452 accepted:  1140 trials:  5769
dist 0.2617119951515343 accepted:  1170 trials:  5892
dist 0.33776534272765957 accepted:  1200 trials:  6044
Accepted:  1200 Trials:  6044 Acceptance rate:  0.1985440105890139
Posterior mean R0:  5.138702805647988
Posterior mean b:  0.5875403028027993
Posterior mean Dimmunity:  0.27401750868932906
Elapsed: 30579.8389 s
